<?xml version="1.0" encoding="UTF-8"?>
<coverage generated="1662601440912" clover="3.2.0">
  <project timestamp="1662601440912" name="All files">
    <metrics statements="113" coveredstatements="108" conditionals="8" coveredconditionals="7" methods="35" coveredmethods="30" elements="156" coveredelements="145" complexity="0" loc="113" ncloc="113" packages="6" files="11" classes="11"/>
    <package name="components">
      <metrics statements="6" coveredstatements="6" conditionals="0" coveredconditionals="0" methods="1" coveredmethods="1"/>
      <file name="StoreProvider.tsx" path="/home/henriqueinonhe/repositories/rescope/src/components/StoreProvider.tsx">
        <metrics statements="6" coveredstatements="6" conditionals="0" coveredconditionals="0" methods="1" coveredmethods="1"/>
        <line num="1" count="1" type="stmt"/>
        <line num="2" count="1" type="stmt"/>
        <line num="6" count="1" type="stmt"/>
        <line num="14" count="1" type="stmt"/>
        <line num="15" count="5" type="stmt"/>
        <line num="17" count="5" type="stmt"/>
      </file>
    </package>
    <package name="errors">
      <metrics statements="10" coveredstatements="10" conditionals="0" coveredconditionals="0" methods="2" coveredmethods="2"/>
      <file name="libBug.ts" path="/home/henriqueinonhe/repositories/rescope/src/errors/libBug.ts">
        <metrics statements="5" coveredstatements="5" conditionals="0" coveredconditionals="0" methods="1" coveredmethods="1"/>
        <line num="1" count="3" type="stmt"/>
        <line num="3" count="3" type="stmt"/>
        <line num="4" count="6" type="stmt"/>
        <line num="6" count="6" type="stmt"/>
        <line num="7" count="6" type="stmt"/>
      </file>
      <file name="userError.ts" path="/home/henriqueinonhe/repositories/rescope/src/errors/userError.ts">
        <metrics statements="5" coveredstatements="5" conditionals="0" coveredconditionals="0" methods="1" coveredmethods="1"/>
        <line num="1" count="1" type="stmt"/>
        <line num="3" count="1" type="stmt"/>
        <line num="4" count="4" type="stmt"/>
        <line num="6" count="4" type="stmt"/>
        <line num="7" count="4" type="stmt"/>
      </file>
    </package>
    <package name="hooks">
      <metrics statements="28" coveredstatements="28" conditionals="3" coveredconditionals="3" methods="6" coveredmethods="6"/>
      <file name="useScopedState.ts" path="/home/henriqueinonhe/repositories/rescope/src/hooks/useScopedState.ts">
        <metrics statements="28" coveredstatements="28" conditionals="3" coveredconditionals="3" methods="6" coveredmethods="6"/>
        <line num="1" count="1" type="stmt"/>
        <line num="3" count="1" type="stmt"/>
        <line num="5" count="1" type="stmt"/>
        <line num="6" count="1" type="stmt"/>
        <line num="8" count="1" type="stmt"/>
        <line num="9" count="19" type="stmt"/>
        <line num="11" count="19" type="stmt"/>
        <line num="14" count="15" type="stmt"/>
        <line num="18" count="15" type="stmt"/>
        <line num="26" count="15" type="stmt"/>
        <line num="27" count="15" type="cond" truecount="1" falsecount="0"/>
        <line num="28" count="9" type="cond" truecount="1" falsecount="0"/>
        <line num="29" count="7" type="stmt"/>
        <line num="35" count="9" type="stmt"/>
        <line num="37" count="9" type="stmt"/>
        <line num="40" count="15" type="stmt"/>
        <line num="41" count="9" type="stmt"/>
        <line num="43" count="9" type="stmt"/>
        <line num="46" count="9" type="stmt"/>
        <line num="50" count="15" type="stmt"/>
        <line num="52" count="15" type="stmt"/>
        <line num="59" count="5" type="stmt"/>
        <line num="60" count="5" type="stmt"/>
        <line num="62" count="5" type="stmt"/>
        <line num="67" count="15" type="stmt"/>
        <line num="72" count="1" type="stmt"/>
        <line num="73" count="19" type="cond" truecount="1" falsecount="0"/>
        <line num="74" count="4" type="stmt"/>
      </file>
    </package>
    <package name="scope">
      <metrics statements="2" coveredstatements="2" conditionals="0" coveredconditionals="0" methods="1" coveredmethods="1"/>
      <file name="Scope.ts" path="/home/henriqueinonhe/repositories/rescope/src/scope/Scope.ts">
        <metrics statements="2" coveredstatements="2" conditionals="0" coveredconditionals="0" methods="1" coveredmethods="1"/>
        <line num="9" count="1" type="stmt"/>
        <line num="11" count="8" type="stmt"/>
      </file>
    </package>
    <package name="store">
      <metrics statements="47" coveredstatements="47" conditionals="2" coveredconditionals="2" methods="15" coveredmethods="15"/>
      <file name="Record.ts" path="/home/henriqueinonhe/repositories/rescope/src/store/Record.ts">
        <metrics statements="4" coveredstatements="4" conditionals="0" coveredconditionals="0" methods="1" coveredmethods="1"/>
        <line num="1" count="3" type="stmt"/>
        <line num="4" count="3" type="stmt"/>
        <line num="10" count="3" type="stmt"/>
        <line num="11" count="26" type="stmt"/>
      </file>
      <file name="Store.ts" path="/home/henriqueinonhe/repositories/rescope/src/store/Store.ts">
        <metrics statements="28" coveredstatements="28" conditionals="1" coveredconditionals="1" methods="9" coveredmethods="9"/>
        <line num="1" count="2" type="stmt"/>
        <line num="2" count="2" type="stmt"/>
        <line num="4" count="2" type="stmt"/>
        <line num="5" count="2" type="stmt"/>
        <line num="7" count="2" type="stmt"/>
        <line num="9" count="2" type="stmt"/>
        <line num="10" count="18" type="stmt"/>
        <line num="12" count="18" type="stmt"/>
        <line num="13" count="22" type="cond" truecount="1" falsecount="0"/>
        <line num="14" count="1" type="stmt"/>
        <line num="19" count="21" type="stmt"/>
        <line num="27" count="18" type="stmt"/>
        <line num="28" count="12" type="stmt"/>
        <line num="31" count="18" type="stmt"/>
        <line num="32" count="17" type="stmt"/>
        <line num="33" count="15" type="stmt"/>
        <line num="36" count="18" type="stmt"/>
        <line num="37" count="10" type="stmt"/>
        <line num="38" count="10" type="stmt"/>
        <line num="41" count="18" type="stmt"/>
        <line num="42" count="12" type="stmt"/>
        <line num="45" count="18" type="stmt"/>
        <line num="46" count="25" type="stmt"/>
        <line num="49" count="18" type="stmt"/>
        <line num="50" count="10" type="stmt"/>
        <line num="51" count="9" type="stmt"/>
        <line num="53" count="9" type="stmt"/>
        <line num="56" count="18" type="stmt"/>
      </file>
      <file name="StoreRecords.ts" path="/home/henriqueinonhe/repositories/rescope/src/store/StoreRecords.ts">
        <metrics statements="15" coveredstatements="15" conditionals="1" coveredconditionals="1" methods="5" coveredmethods="5"/>
        <line num="1" count="3" type="stmt"/>
        <line num="2" count="3" type="stmt"/>
        <line num="5" count="3" type="stmt"/>
        <line num="9" count="3" type="stmt"/>
        <line num="10" count="23" type="stmt"/>
        <line num="12" count="23" type="stmt"/>
        <line num="13" count="74" type="cond" truecount="1" falsecount="0"/>
        <line num="14" count="5" type="stmt"/>
        <line num="18" count="23" type="stmt"/>
        <line num="19" count="74" type="stmt"/>
        <line num="21" count="69" type="stmt"/>
        <line num="24" count="23" type="stmt"/>
        <line num="25" count="26" type="stmt"/>
        <line num="28" count="36" type="stmt"/>
        <line num="30" count="23" type="stmt"/>
      </file>
    </package>
    <package name="utils">
      <metrics statements="20" coveredstatements="15" conditionals="3" coveredconditionals="2" methods="10" coveredmethods="5"/>
      <file name="logger.ts" path="/home/henriqueinonhe/repositories/rescope/src/utils/logger.ts">
        <metrics statements="7" coveredstatements="3" conditionals="2" coveredconditionals="1" methods="4" coveredmethods="0"/>
        <line num="1" count="3" type="stmt"/>
        <line num="8" count="3" type="stmt"/>
        <line num="9" count="0" type="stmt"/>
        <line num="10" count="0" type="stmt"/>
        <line num="11" count="0" type="stmt"/>
        <line num="12" count="0" type="stmt"/>
        <line num="15" count="3" type="stmt"/>
      </file>
      <file name="updater.ts" path="/home/henriqueinonhe/repositories/rescope/src/utils/updater.ts">
        <metrics statements="6" coveredstatements="6" conditionals="1" coveredconditionals="1" methods="2" coveredmethods="2"/>
        <line num="7" count="1" type="stmt"/>
        <line num="9" count="5" type="stmt"/>
        <line num="11" count="1" type="stmt"/>
        <line num="15" count="5" type="cond" truecount="1" falsecount="0"/>
        <line num="16" count="2" type="stmt"/>
        <line num="19" count="3" type="stmt"/>
      </file>
      <file name="withBrand.ts" path="/home/henriqueinonhe/repositories/rescope/src/utils/withBrand.ts">
        <metrics statements="7" coveredstatements="6" conditionals="0" coveredconditionals="0" methods="4" coveredmethods="3"/>
        <line num="5" count="3" type="stmt"/>
        <line num="6" count="8" type="stmt"/>
        <line num="8" count="8" type="stmt"/>
        <line num="11" count="67" type="stmt"/>
        <line num="14" count="8" type="stmt"/>
        <line num="15" count="0" type="stmt"/>
        <line num="17" count="8" type="stmt"/>
      </file>
    </package>
  </project>
</coverage>
