{"/home/henriqueinonhe/repositories/rescope/src/components/StoreProvider.tsx": {"path":"/home/henriqueinonhe/repositories/rescope/src/components/StoreProvider.tsx","statementMap":{"0":{"start":{"line":1,"column":0},"end":{"line":1,"column":64}},"1":{"start":{"line":2,"column":0},"end":{"line":2,"column":52}},"2":{"start":{"line":6,"column":13},"end":{"line":8,"column":2}},"3":{"start":{"line":14,"column":29},"end":{"line":22,"column":1}},"4":{"start":{"line":15,"column":19},"end":{"line":15,"column":40}},"5":{"start":{"line":17,"column":2},"end":{"line":21,"column":4}},"6":{"start":{"line":14,"column":13},"end":{"line":14,"column":29}}},"fnMap":{"0":{"name":"(anonymous_6)","decl":{"start":{"line":14,"column":29},"end":{"line":14,"column":30}},"loc":{"start":{"line":14,"column":66},"end":{"line":22,"column":1}}}},"branchMap":{},"s":{"0":1,"1":1,"2":1,"3":1,"4":5,"5":5,"6":1},"f":{"0":5},"b":{}}
,"/home/henriqueinonhe/repositories/rescope/src/errors/libBug.ts": {"path":"/home/henriqueinonhe/repositories/rescope/src/errors/libBug.ts","statementMap":{"0":{"start":{"line":1,"column":0},"end":{"line":1,"column":41}},"1":{"start":{"line":3,"column":22},"end":{"line":8,"column":1}},"2":{"start":{"line":4,"column":23},"end":{"line":4,"column":120}},"3":{"start":{"line":6,"column":2},"end":{"line":6,"column":29}},"4":{"start":{"line":7,"column":2},"end":{"line":7,"column":32}},"5":{"start":{"line":3,"column":13},"end":{"line":3,"column":22}}},"fnMap":{"0":{"name":"(anonymous_0)","decl":{"start":{"line":3,"column":22},"end":{"line":3,"column":23}},"loc":{"start":{"line":3,"column":42},"end":{"line":8,"column":1}}}},"branchMap":{},"s":{"0":3,"1":3,"2":6,"3":6,"4":6,"5":3},"f":{"0":6},"b":{}}
,"/home/henriqueinonhe/repositories/rescope/src/errors/userError.ts": {"path":"/home/henriqueinonhe/repositories/rescope/src/errors/userError.ts","statementMap":{"0":{"start":{"line":1,"column":0},"end":{"line":1,"column":41}},"1":{"start":{"line":3,"column":25},"end":{"line":8,"column":1}},"2":{"start":{"line":4,"column":23},"end":{"line":4,"column":35}},"3":{"start":{"line":6,"column":2},"end":{"line":6,"column":29}},"4":{"start":{"line":7,"column":2},"end":{"line":7,"column":32}},"5":{"start":{"line":3,"column":13},"end":{"line":3,"column":25}}},"fnMap":{"0":{"name":"(anonymous_0)","decl":{"start":{"line":3,"column":25},"end":{"line":3,"column":26}},"loc":{"start":{"line":3,"column":45},"end":{"line":8,"column":1}}}},"branchMap":{},"s":{"0":1,"1":1,"2":4,"3":4,"4":4,"5":1},"f":{"0":4},"b":{}}
,"/home/henriqueinonhe/repositories/rescope/src/hooks/useScopedState.ts": {"path":"/home/henriqueinonhe/repositories/rescope/src/hooks/useScopedState.ts","statementMap":{"0":{"start":{"line":1,"column":0},"end":{"line":1,"column":77}},"1":{"start":{"line":3,"column":0},"end":{"line":3,"column":59}},"2":{"start":{"line":5,"column":0},"end":{"line":5,"column":48}},"3":{"start":{"line":6,"column":0},"end":{"line":6,"column":59}},"4":{"start":{"line":8,"column":30},"end":{"line":68,"column":1}},"5":{"start":{"line":9,"column":16},"end":{"line":9,"column":40}},"6":{"start":{"line":11,"column":2},"end":{"line":11,"column":29}},"7":{"start":{"line":14,"column":18},"end":{"line":14,"column":30}},"8":{"start":{"line":18,"column":25},"end":{"line":18,"column":46}},"9":{"start":{"line":18,"column":38},"end":{"line":18,"column":45}},"10":{"start":{"line":26,"column":23},"end":{"line":26,"column":52}},"11":{"start":{"line":27,"column":2},"end":{"line":38,"column":null}},"12":{"start":{"line":28,"column":4},"end":{"line":30,"column":null}},"13":{"start":{"line":29,"column":6},"end":{"line":29,"column":52}},"14":{"start":{"line":35,"column":4},"end":{"line":35,"column":51}},"15":{"start":{"line":37,"column":4},"end":{"line":37,"column":33}},"16":{"start":{"line":40,"column":2},"end":{"line":48,"column":21}},"17":{"start":{"line":41,"column":24},"end":{"line":41,"column":46}},"18":{"start":{"line":43,"column":4},"end":{"line":47,"column":6}},"19":{"start":{"line":46,"column":6},"end":{"line":46,"column":44}},"20":{"start":{"line":50,"column":16},"end":{"line":50,"column":38}},"21":{"start":{"line":52,"column":19},"end":{"line":64,"column":null}},"22":{"start":{"line":59,"column":27},"end":{"line":59,"column":49}},"23":{"start":{"line":60,"column":27},"end":{"line":60,"column":73}},"24":{"start":{"line":62,"column":6},"end":{"line":62,"column":39}},"25":{"start":{"line":67,"column":2},"end":{"line":67,"column":36}},"26":{"start":{"line":8,"column":13},"end":{"line":8,"column":30}},"27":{"start":{"line":72,"column":30},"end":{"line":76,"column":1}},"28":{"start":{"line":73,"column":2},"end":{"line":75,"column":null}},"29":{"start":{"line":74,"column":4},"end":{"line":74,"column":40}}},"fnMap":{"0":{"name":"(anonymous_0)","decl":{"start":{"line":8,"column":30},"end":{"line":8,"column":34}},"loc":{"start":{"line":8,"column":53},"end":{"line":68,"column":1}}},"1":{"name":"(anonymous_1)","decl":{"start":{"line":18,"column":32},"end":{"line":18,"column":35}},"loc":{"start":{"line":18,"column":38},"end":{"line":18,"column":45}}},"2":{"name":"(anonymous_2)","decl":{"start":{"line":40,"column":12},"end":{"line":40,"column":15}},"loc":{"start":{"line":40,"column":17},"end":{"line":48,"column":3}}},"3":{"name":"(anonymous_3)","decl":{"start":{"line":43,"column":11},"end":{"line":43,"column":14}},"loc":{"start":{"line":43,"column":16},"end":{"line":47,"column":5}}},"4":{"name":"(anonymous_4)","decl":{"start":{"line":53,"column":4},"end":{"line":53,"column":5}},"loc":{"start":{"line":53,"column":46},"end":{"line":63,"column":5}}},"5":{"name":"(anonymous_5)","decl":{"start":{"line":72,"column":30},"end":{"line":72,"column":31}},"loc":{"start":{"line":72,"column":40},"end":{"line":76,"column":1}}}},"branchMap":{"0":{"loc":{"start":{"line":27,"column":2},"end":{"line":38,"column":null}},"type":"if","locations":[{"start":{"line":27,"column":2},"end":{"line":38,"column":null}}]},"1":{"loc":{"start":{"line":28,"column":4},"end":{"line":30,"column":null}},"type":"if","locations":[{"start":{"line":28,"column":4},"end":{"line":30,"column":null}}]},"2":{"loc":{"start":{"line":73,"column":2},"end":{"line":75,"column":null}},"type":"if","locations":[{"start":{"line":73,"column":2},"end":{"line":75,"column":null}}]}},"s":{"0":1,"1":1,"2":1,"3":1,"4":1,"5":19,"6":19,"7":15,"8":15,"9":7,"10":15,"11":15,"12":9,"13":7,"14":9,"15":9,"16":15,"17":9,"18":9,"19":9,"20":15,"21":15,"22":5,"23":5,"24":5,"25":15,"26":1,"27":1,"28":19,"29":4},"f":{"0":19,"1":7,"2":9,"3":9,"4":5,"5":19},"b":{"0":[9],"1":[7],"2":[4]}}
,"/home/henriqueinonhe/repositories/rescope/src/scope/Scope.ts": {"path":"/home/henriqueinonhe/repositories/rescope/src/scope/Scope.ts","statementMap":{"0":{"start":{"line":9,"column":27},"end":{"line":13,"column":2}},"1":{"start":{"line":11,"column":43},"end":{"line":13,"column":2}},"2":{"start":{"line":9,"column":13},"end":{"line":9,"column":27}}},"fnMap":{"0":{"name":"(anonymous_0)","decl":{"start":{"line":9,"column":27},"end":{"line":9,"column":31}},"loc":{"start":{"line":11,"column":43},"end":{"line":13,"column":2}}}},"branchMap":{},"s":{"0":1,"1":8,"2":1},"f":{"0":8},"b":{}}
,"/home/henriqueinonhe/repositories/rescope/src/store/Record.ts": {"path":"/home/henriqueinonhe/repositories/rescope/src/store/Record.ts","statementMap":{"0":{"start":{"line":1,"column":0},"end":{"line":1,"column":51}},"1":{"start":{"line":4,"column":27},"end":{"line":4,"column":42}},"2":{"start":{"line":10,"column":13},"end":{"line":15,"column":2}},"3":{"start":{"line":11,"column":49},"end":{"line":14,"column":4}}},"fnMap":{"0":{"name":"(anonymous_0)","decl":{"start":{"line":11,"column":2},"end":{"line":11,"column":3}},"loc":{"start":{"line":11,"column":49},"end":{"line":14,"column":4}}}},"branchMap":{},"s":{"0":3,"1":3,"2":3,"3":26},"f":{"0":26},"b":{}}
,"/home/henriqueinonhe/repositories/rescope/src/store/Store.ts": {"path":"/home/henriqueinonhe/repositories/rescope/src/store/Store.ts","statementMap":{"0":{"start":{"line":1,"column":0},"end":{"line":1,"column":51}},"1":{"start":{"line":2,"column":0},"end":{"line":2,"column":63}},"2":{"start":{"line":4,"column":0},"end":{"line":4,"column":64}},"3":{"start":{"line":5,"column":0},"end":{"line":5,"column":42}},"4":{"start":{"line":7,"column":27},"end":{"line":7,"column":42}},"5":{"start":{"line":9,"column":13},"end":{"line":64,"column":3}},"6":{"start":{"line":10,"column":18},"end":{"line":10,"column":38}},"7":{"start":{"line":12,"column":23},"end":{"line":25,"column":3}},"8":{"start":{"line":13,"column":4},"end":{"line":17,"column":null}},"9":{"start":{"line":14,"column":6},"end":{"line":16,"column":8}},"10":{"start":{"line":19,"column":4},"end":{"line":24,"column":6}},"11":{"start":{"line":27,"column":20},"end":{"line":29,"column":3}},"12":{"start":{"line":28,"column":4},"end":{"line":28,"column":28}},"13":{"start":{"line":31,"column":20},"end":{"line":34,"column":3}},"14":{"start":{"line":32,"column":19},"end":{"line":32,"column":35}},"15":{"start":{"line":33,"column":4},"end":{"line":33,"column":39}},"16":{"start":{"line":36,"column":22},"end":{"line":39,"column":3}},"17":{"start":{"line":37,"column":19},"end":{"line":37,"column":35}},"18":{"start":{"line":38,"column":4},"end":{"line":38,"column":42}},"19":{"start":{"line":41,"column":28},"end":{"line":43,"column":3}},"20":{"start":{"line":42,"column":4},"end":{"line":42,"column":71}},"21":{"start":{"line":42,"column":57},"end":{"line":42,"column":69}},"22":{"start":{"line":45,"column":15},"end":{"line":47,"column":3}},"23":{"start":{"line":46,"column":4},"end":{"line":46,"column":34}},"24":{"start":{"line":49,"column":16},"end":{"line":54,"column":3}},"25":{"start":{"line":50,"column":27},"end":{"line":50,"column":43}},"26":{"start":{"line":51,"column":4},"end":{"line":51,"column":33}},"27":{"start":{"line":53,"column":4},"end":{"line":53,"column":27}},"28":{"start":{"line":56,"column":2},"end":{"line":63,"column":4}}},"fnMap":{"0":{"name":"(anonymous_0)","decl":{"start":{"line":9,"column":42},"end":{"line":9,"column":45}},"loc":{"start":{"line":9,"column":47},"end":{"line":64,"column":1}}},"1":{"name":"(anonymous_1)","decl":{"start":{"line":12,"column":23},"end":{"line":12,"column":24}},"loc":{"start":{"line":12,"column":65},"end":{"line":25,"column":3}}},"2":{"name":"(anonymous_2)","decl":{"start":{"line":27,"column":20},"end":{"line":27,"column":21}},"loc":{"start":{"line":27,"column":39},"end":{"line":29,"column":3}}},"3":{"name":"(anonymous_3)","decl":{"start":{"line":31,"column":20},"end":{"line":31,"column":21}},"loc":{"start":{"line":31,"column":63},"end":{"line":34,"column":3}}},"4":{"name":"(anonymous_4)","decl":{"start":{"line":36,"column":22},"end":{"line":36,"column":23}},"loc":{"start":{"line":36,"column":65},"end":{"line":39,"column":3}}},"5":{"name":"(anonymous_5)","decl":{"start":{"line":41,"column":28},"end":{"line":41,"column":29}},"loc":{"start":{"line":41,"column":47},"end":{"line":43,"column":3}}},"6":{"name":"(anonymous_6)","decl":{"start":{"line":42,"column":41},"end":{"line":42,"column":42}},"loc":{"start":{"line":42,"column":57},"end":{"line":42,"column":69}}},"7":{"name":"(anonymous_7)","decl":{"start":{"line":45,"column":15},"end":{"line":45,"column":16}},"loc":{"start":{"line":45,"column":34},"end":{"line":47,"column":3}}},"8":{"name":"(anonymous_8)","decl":{"start":{"line":49,"column":16},"end":{"line":49,"column":17}},"loc":{"start":{"line":49,"column":51},"end":{"line":54,"column":3}}}},"branchMap":{"0":{"loc":{"start":{"line":13,"column":4},"end":{"line":17,"column":null}},"type":"if","locations":[{"start":{"line":13,"column":4},"end":{"line":17,"column":null}}]}},"s":{"0":2,"1":2,"2":2,"3":2,"4":2,"5":2,"6":18,"7":18,"8":22,"9":1,"10":21,"11":18,"12":12,"13":18,"14":17,"15":15,"16":18,"17":10,"18":10,"19":18,"20":9,"21":12,"22":18,"23":25,"24":18,"25":10,"26":9,"27":9,"28":18},"f":{"0":18,"1":22,"2":12,"3":17,"4":10,"5":9,"6":12,"7":25,"8":10},"b":{"0":[1]}}
,"/home/henriqueinonhe/repositories/rescope/src/store/StoreRecords.ts": {"path":"/home/henriqueinonhe/repositories/rescope/src/store/StoreRecords.ts","statementMap":{"0":{"start":{"line":1,"column":0},"end":{"line":1,"column":42}},"1":{"start":{"line":2,"column":0},"end":{"line":2,"column":51}},"2":{"start":{"line":5,"column":27},"end":{"line":5,"column":42}},"3":{"start":{"line":9,"column":13},"end":{"line":35,"column":3}},"4":{"start":{"line":10,"column":18},"end":{"line":10,"column":50}},"5":{"start":{"line":12,"column":30},"end":{"line":16,"column":3}},"6":{"start":{"line":13,"column":4},"end":{"line":15,"column":null}},"7":{"start":{"line":14,"column":6},"end":{"line":14,"column":70}},"8":{"start":{"line":18,"column":14},"end":{"line":22,"column":3}},"9":{"start":{"line":19,"column":4},"end":{"line":19,"column":29}},"10":{"start":{"line":21,"column":4},"end":{"line":21,"column":29}},"11":{"start":{"line":24,"column":14},"end":{"line":26,"column":3}},"12":{"start":{"line":25,"column":4},"end":{"line":25,"column":36}},"13":{"start":{"line":28,"column":14},"end":{"line":28,"column":50}},"14":{"start":{"line":28,"column":34},"end":{"line":28,"column":50}},"15":{"start":{"line":30,"column":2},"end":{"line":34,"column":4}}},"fnMap":{"0":{"name":"(anonymous_0)","decl":{"start":{"line":9,"column":49},"end":{"line":9,"column":52}},"loc":{"start":{"line":9,"column":54},"end":{"line":35,"column":1}}},"1":{"name":"(anonymous_1)","decl":{"start":{"line":12,"column":30},"end":{"line":12,"column":31}},"loc":{"start":{"line":12,"column":49},"end":{"line":16,"column":3}}},"2":{"name":"(anonymous_2)","decl":{"start":{"line":18,"column":14},"end":{"line":18,"column":15}},"loc":{"start":{"line":18,"column":33},"end":{"line":22,"column":3}}},"3":{"name":"(anonymous_3)","decl":{"start":{"line":24,"column":14},"end":{"line":24,"column":15}},"loc":{"start":{"line":24,"column":49},"end":{"line":26,"column":3}}},"4":{"name":"(anonymous_4)","decl":{"start":{"line":28,"column":14},"end":{"line":28,"column":15}},"loc":{"start":{"line":28,"column":34},"end":{"line":28,"column":50}}}},"branchMap":{"0":{"loc":{"start":{"line":13,"column":4},"end":{"line":15,"column":null}},"type":"if","locations":[{"start":{"line":13,"column":4},"end":{"line":15,"column":null}}]}},"s":{"0":3,"1":3,"2":3,"3":3,"4":23,"5":23,"6":74,"7":5,"8":23,"9":74,"10":69,"11":23,"12":26,"13":23,"14":36,"15":23},"f":{"0":23,"1":74,"2":74,"3":26,"4":36},"b":{"0":[5]}}
,"/home/henriqueinonhe/repositories/rescope/src/utils/logger.ts": {"path":"/home/henriqueinonhe/repositories/rescope/src/utils/logger.ts","statementMap":{"0":{"start":{"line":1,"column":18},"end":{"line":6,"column":2}},"1":{"start":{"line":8,"column":19},"end":{"line":13,"column":2}},"2":{"start":{"line":9,"column":15},"end":{"line":9,"column":24}},"3":{"start":{"line":10,"column":14},"end":{"line":10,"column":23}},"4":{"start":{"line":11,"column":13},"end":{"line":11,"column":22}},"5":{"start":{"line":12,"column":14},"end":{"line":12,"column":23}},"6":{"start":{"line":15,"column":13},"end":{"line":16,"column":65}}},"fnMap":{"0":{"name":"(anonymous_0)","decl":{"start":{"line":9,"column":9},"end":{"line":9,"column":12}},"loc":{"start":{"line":9,"column":15},"end":{"line":9,"column":24}}},"1":{"name":"(anonymous_1)","decl":{"start":{"line":10,"column":8},"end":{"line":10,"column":11}},"loc":{"start":{"line":10,"column":14},"end":{"line":10,"column":23}}},"2":{"name":"(anonymous_2)","decl":{"start":{"line":11,"column":7},"end":{"line":11,"column":10}},"loc":{"start":{"line":11,"column":13},"end":{"line":11,"column":22}}},"3":{"name":"(anonymous_3)","decl":{"start":{"line":12,"column":8},"end":{"line":12,"column":11}},"loc":{"start":{"line":12,"column":14},"end":{"line":12,"column":23}}}},"branchMap":{"0":{"loc":{"start":{"line":16,"column":2},"end":{"line":16,"column":64}},"type":"cond-expr","locations":[{"start":{"line":16,"column":42},"end":{"line":16,"column":52}},{"start":{"line":16,"column":55},"end":{"line":16,"column":64}}]}},"s":{"0":3,"1":3,"2":0,"3":0,"4":0,"5":0,"6":3},"f":{"0":0,"1":0,"2":0,"3":0},"b":{"0":[0,3]}}
,"/home/henriqueinonhe/repositories/rescope/src/utils/updater.ts": {"path":"/home/henriqueinonhe/repositories/rescope/src/utils/updater.ts","statementMap":{"0":{"start":{"line":7,"column":33},"end":{"line":9,"column":65}},"1":{"start":{"line":9,"column":36},"end":{"line":9,"column":65}},"2":{"start":{"line":7,"column":13},"end":{"line":7,"column":33}},"3":{"start":{"line":11,"column":39},"end":{"line":20,"column":1}},"4":{"start":{"line":15,"column":2},"end":{"line":17,"column":null}},"5":{"start":{"line":16,"column":4},"end":{"line":16,"column":33}},"6":{"start":{"line":19,"column":2},"end":{"line":19,"column":17}},"7":{"start":{"line":11,"column":13},"end":{"line":11,"column":39}}},"fnMap":{"0":{"name":"(anonymous_0)","decl":{"start":{"line":7,"column":33},"end":{"line":7,"column":null}},"loc":{"start":{"line":9,"column":36},"end":{"line":9,"column":65}}},"1":{"name":"(anonymous_1)","decl":{"start":{"line":11,"column":39},"end":{"line":11,"column":null}},"loc":{"start":{"line":14,"column":4},"end":{"line":20,"column":1}}}},"branchMap":{"0":{"loc":{"start":{"line":15,"column":2},"end":{"line":17,"column":null}},"type":"if","locations":[{"start":{"line":15,"column":2},"end":{"line":17,"column":null}}]}},"s":{"0":1,"1":5,"2":1,"3":1,"4":5,"5":2,"6":3,"7":1},"f":{"0":5,"1":5},"b":{"0":[2]}}
,"/home/henriqueinonhe/repositories/rescope/src/utils/withBrand.ts": {"path":"/home/henriqueinonhe/repositories/rescope/src/utils/withBrand.ts","statementMap":{"0":{"start":{"line":5,"column":29},"end":{"line":21,"column":1}},"1":{"start":{"line":6,"column":17},"end":{"line":6,"column":25}},"2":{"start":{"line":8,"column":25},"end":{"line":12,"column":3}},"3":{"start":{"line":11,"column":4},"end":{"line":11,"column":64}},"4":{"start":{"line":11,"column":30},"end":{"line":11,"column":63}},"5":{"start":{"line":14,"column":13},"end":{"line":15,"column":42}},"6":{"start":{"line":15,"column":5},"end":{"line":15,"column":42}},"7":{"start":{"line":17,"column":2},"end":{"line":20,"column":4}},"8":{"start":{"line":5,"column":13},"end":{"line":5,"column":29}}},"fnMap":{"0":{"name":"(anonymous_0)","decl":{"start":{"line":5,"column":29},"end":{"line":5,"column":35}},"loc":{"start":{"line":5,"column":37},"end":{"line":21,"column":1}}},"1":{"name":"(anonymous_1)","decl":{"start":{"line":8,"column":25},"end":{"line":8,"column":null}},"loc":{"start":{"line":10,"column":6},"end":{"line":12,"column":3}}},"2":{"name":"(anonymous_2)","decl":{"start":{"line":11,"column":11},"end":{"line":11,"column":12}},"loc":{"start":{"line":11,"column":30},"end":{"line":11,"column":63}}},"3":{"name":"(anonymous_3)","decl":{"start":{"line":14,"column":13},"end":{"line":14,"column":14}},"loc":{"start":{"line":15,"column":5},"end":{"line":15,"column":42}}}},"branchMap":{},"s":{"0":3,"1":8,"2":8,"3":8,"4":67,"5":8,"6":0,"7":8,"8":3},"f":{"0":8,"1":8,"2":67,"3":0},"b":{}}
}
