TN:
SF:src/components/StoreProvider.tsx
FN:14,(anonymous_6)
FNF:1
FNH:1
FNDA:5,(anonymous_6)
DA:1,1
DA:2,1
DA:6,1
DA:14,1
DA:15,5
DA:17,5
LF:6
LH:6
BRF:0
BRH:0
end_of_record
TN:
SF:src/errors/libBug.ts
FN:3,(anonymous_0)
FNF:1
FNH:1
FNDA:6,(anonymous_0)
DA:1,3
DA:3,3
DA:4,6
DA:6,6
DA:7,6
LF:5
LH:5
BRF:0
BRH:0
end_of_record
TN:
SF:src/errors/userError.ts
FN:3,(anonymous_0)
FNF:1
FNH:1
FNDA:4,(anonymous_0)
DA:1,1
DA:3,1
DA:4,4
DA:6,4
DA:7,4
LF:5
LH:5
BRF:0
BRH:0
end_of_record
TN:
SF:src/hooks/useScopedState.ts
FN:8,(anonymous_0)
FN:18,(anonymous_1)
FN:40,(anonymous_2)
FN:43,(anonymous_3)
FN:53,(anonymous_4)
FN:72,(anonymous_5)
FNF:6
FNH:6
FNDA:19,(anonymous_0)
FNDA:7,(anonymous_1)
FNDA:9,(anonymous_2)
FNDA:9,(anonymous_3)
FNDA:5,(anonymous_4)
FNDA:19,(anonymous_5)
DA:1,1
DA:3,1
DA:5,1
DA:6,1
DA:8,1
DA:9,19
DA:11,19
DA:14,15
DA:18,15
DA:26,15
DA:27,15
DA:28,9
DA:29,7
DA:35,9
DA:37,9
DA:40,15
DA:41,9
DA:43,9
DA:46,9
DA:50,15
DA:52,15
DA:59,5
DA:60,5
DA:62,5
DA:67,15
DA:72,1
DA:73,19
DA:74,4
LF:28
LH:28
BRDA:27,0,0,9
BRDA:28,1,0,7
BRDA:73,2,0,4
BRF:3
BRH:3
end_of_record
TN:
SF:src/scope/Scope.ts
FN:9,(anonymous_0)
FNF:1
FNH:1
FNDA:8,(anonymous_0)
DA:9,1
DA:11,8
LF:2
LH:2
BRF:0
BRH:0
end_of_record
TN:
SF:src/store/Record.ts
FN:11,(anonymous_0)
FNF:1
FNH:1
FNDA:26,(anonymous_0)
DA:1,3
DA:4,3
DA:10,3
DA:11,26
LF:4
LH:4
BRF:0
BRH:0
end_of_record
TN:
SF:src/store/Store.ts
FN:9,(anonymous_0)
FN:12,(anonymous_1)
FN:27,(anonymous_2)
FN:31,(anonymous_3)
FN:36,(anonymous_4)
FN:41,(anonymous_5)
FN:42,(anonymous_6)
FN:45,(anonymous_7)
FN:49,(anonymous_8)
FNF:9
FNH:9
FNDA:18,(anonymous_0)
FNDA:22,(anonymous_1)
FNDA:12,(anonymous_2)
FNDA:17,(anonymous_3)
FNDA:10,(anonymous_4)
FNDA:9,(anonymous_5)
FNDA:12,(anonymous_6)
FNDA:25,(anonymous_7)
FNDA:10,(anonymous_8)
DA:1,2
DA:2,2
DA:4,2
DA:5,2
DA:7,2
DA:9,2
DA:10,18
DA:12,18
DA:13,22
DA:14,1
DA:19,21
DA:27,18
DA:28,12
DA:31,18
DA:32,17
DA:33,15
DA:36,18
DA:37,10
DA:38,10
DA:41,18
DA:42,12
DA:45,18
DA:46,25
DA:49,18
DA:50,10
DA:51,9
DA:53,9
DA:56,18
LF:28
LH:28
BRDA:13,0,0,1
BRF:1
BRH:1
end_of_record
TN:
SF:src/store/StoreRecords.ts
FN:9,(anonymous_0)
FN:12,(anonymous_1)
FN:18,(anonymous_2)
FN:24,(anonymous_3)
FN:28,(anonymous_4)
FNF:5
FNH:5
FNDA:23,(anonymous_0)
FNDA:74,(anonymous_1)
FNDA:74,(anonymous_2)
FNDA:26,(anonymous_3)
FNDA:36,(anonymous_4)
DA:1,3
DA:2,3
DA:5,3
DA:9,3
DA:10,23
DA:12,23
DA:13,74
DA:14,5
DA:18,23
DA:19,74
DA:21,69
DA:24,23
DA:25,26
DA:28,36
DA:30,23
LF:15
LH:15
BRDA:13,0,0,5
BRF:1
BRH:1
end_of_record
TN:
SF:src/utils/logger.ts
FN:9,(anonymous_0)
FN:10,(anonymous_1)
FN:11,(anonymous_2)
FN:12,(anonymous_3)
FNF:4
FNH:0
FNDA:0,(anonymous_0)
FNDA:0,(anonymous_1)
FNDA:0,(anonymous_2)
FNDA:0,(anonymous_3)
DA:1,3
DA:8,3
DA:9,0
DA:10,0
DA:11,0
DA:12,0
DA:15,3
LF:7
LH:3
BRDA:16,0,0,0
BRDA:16,0,1,3
BRF:2
BRH:1
end_of_record
TN:
SF:src/utils/updater.ts
FN:7,(anonymous_0)
FN:11,(anonymous_1)
FNF:2
FNH:2
FNDA:5,(anonymous_0)
FNDA:5,(anonymous_1)
DA:7,1
DA:9,5
DA:11,1
DA:15,5
DA:16,2
DA:19,3
LF:6
LH:6
BRDA:15,0,0,2
BRF:1
BRH:1
end_of_record
TN:
SF:src/utils/withBrand.ts
FN:5,(anonymous_0)
FN:8,(anonymous_1)
FN:11,(anonymous_2)
FN:14,(anonymous_3)
FNF:4
FNH:3
FNDA:8,(anonymous_0)
FNDA:8,(anonymous_1)
FNDA:67,(anonymous_2)
FNDA:0,(anonymous_3)
DA:5,3
DA:6,8
DA:8,8
DA:11,67
DA:14,8
DA:15,0
DA:17,8
LF:7
LH:6
BRF:0
BRH:0
end_of_record
